0 info it worked if it ends with ok
1 verbose cli [ '/home/nvm/.nvm/versions/node/v6.10.1/bin/node',
1 verbose cli   '/home/nvm/.nvm/versions/node/v6.10.1/bin/npm',
1 verbose cli   'prune' ]
2 info using npm@3.10.10
3 info using node@v6.10.1
4 verbose config Skipping project config: /app/.npmrc. (matches userconfig)
5 verbose stack Error: Invalid version: "1"
5 verbose stack     at Object.fixVersionField (/home/nvm/.nvm/versions/node/v6.10.1/lib/node_modules/npm/node_modules/normalize-package-data/lib/fixer.js:191:13)
5 verbose stack     at /home/nvm/.nvm/versions/node/v6.10.1/lib/node_modules/npm/node_modules/normalize-package-data/lib/normalize.js:32:38
5 verbose stack     at Array.forEach (native)
5 verbose stack     at normalize (/home/nvm/.nvm/versions/node/v6.10.1/lib/node_modules/npm/node_modules/normalize-package-data/lib/normalize.js:31:15)
5 verbose stack     at final (/home/nvm/.nvm/versions/node/v6.10.1/lib/node_modules/npm/node_modules/read-package-json/read-json.js:349:5)
5 verbose stack     at then (/home/nvm/.nvm/versions/node/v6.10.1/lib/node_modules/npm/node_modules/read-package-json/read-json.js:124:5)
5 verbose stack     at /home/nvm/.nvm/versions/node/v6.10.1/lib/node_modules/npm/node_modules/read-package-json/read-json.js:311:12
5 verbose stack     at /home/nvm/.nvm/versions/node/v6.10.1/lib/node_modules/npm/node_modules/graceful-fs/graceful-fs.js:78:16
5 verbose stack     at tryToString (fs.js:456:3)
5 verbose stack     at FSReqWrap.readFileAfterClose [as oncomplete] (fs.js:443:12)
6 verbose cwd /app
7 error Linux 4.4.0-62-generic
8 error argv "/home/nvm/.nvm/versions/node/v6.10.1/bin/node" "/home/nvm/.nvm/versions/node/v6.10.1/bin/npm" "prune"
9 error node v6.10.1
10 error npm  v3.10.10
11 error Invalid version: "1"
12 error If you need help, you may report this error at:
12 error     <https://github.com/npm/npm/issues>
13 verbose exit [ 1, true ]
